<?xml version="1.0" encoding="UTF-8"?>
<!-- Generated by org.testng.reporters.JUnitReportReporter -->
<testsuite skipped="0" hostname="anambood-lap1" name="ApplitoolsTests.DynamicContentVisualAITests" tests="2" failures="1" timestamp="2019-11-11T21:25:58 IST" time="105.601" errors="0">
  <testcase name="verifyDynamicContentVisualAITest" time="103.840" classname="ApplitoolsTests.DynamicContentVisualAITests"/>
  <testcase name="closeAppliTools" time="1.761" classname="ApplitoolsTests.DynamicContentVisualAITests">
    <failure type="com.applitools.eyes.exceptions.DiffsFoundException" message="Test &#039;Dynamic Content Visual AI Test&#039; of &#039;Hackathon App&#039; detected differences! See details at: https://eyes.applitools.com/app/batches/00000251828813059105/00000251828813057867?accountId=T8r4Qx05mkmicH8eYB4Xzg~~">
      <![CDATA[com.applitools.eyes.exceptions.DiffsFoundException: Test 'Dynamic Content Visual AI Test' of 'Hackathon App' detected differences! See details at: https://eyes.applitools.com/app/batches/00000251828813059105/00000251828813057867?accountId=T8r4Qx05mkmicH8eYB4Xzg~~
at com.applitools.eyes.EyesBase.logSessionResultsAndThrowException(EyesBase.java:524)
at com.applitools.eyes.selenium.ClassicRunner.getAllTestResultsImpl(ClassicRunner.java:30)
at com.applitools.eyes.EyesRunner.getAllTestResults(EyesRunner.java:23)
at com.applitools.eyes.EyesRunner.getAllTestResults(EyesRunner.java:17)
at ApplitoolsTests.TestBaseVisualAITests.closeAppliTools(TestBaseVisualAITests.java:48)
at sun.reflect.NativeMethodAccessorImpl.invoke0(Native Method)
at sun.reflect.NativeMethodAccessorImpl.invoke(NativeMethodAccessorImpl.java:62)
at sun.reflect.DelegatingMethodAccessorImpl.invoke(DelegatingMethodAccessorImpl.java:43)
at java.lang.reflect.Method.invoke(Method.java:498)
at org.testng.internal.MethodInvocationHelper.invokeMethod(MethodInvocationHelper.java:133)
at org.testng.internal.MethodInvocationHelper.invokeMethodConsideringTimeout(MethodInvocationHelper.java:62)
at org.testng.internal.ConfigInvoker.invokeConfigurationMethod(ConfigInvoker.java:340)
at org.testng.internal.ConfigInvoker.invokeConfigurations(ConfigInvoker.java:294)
at org.testng.internal.TestMethodWorker.invokeAfterClassMethods(TestMethodWorker.java:217)
at org.testng.internal.TestMethodWorker.run(TestMethodWorker.java:130)
at java.util.ArrayList.forEach(ArrayList.java:1249)
at org.testng.TestRunner.privateRun(TestRunner.java:770)
at org.testng.TestRunner.run(TestRunner.java:591)
at org.testng.SuiteRunner.runTest(SuiteRunner.java:402)
at org.testng.SuiteRunner.runSequentially(SuiteRunner.java:396)
at org.testng.SuiteRunner.privateRun(SuiteRunner.java:355)
at org.testng.SuiteRunner.run(SuiteRunner.java:304)
at org.testng.SuiteRunnerWorker.runSuite(SuiteRunnerWorker.java:53)
at org.testng.SuiteRunnerWorker.run(SuiteRunnerWorker.java:96)
at org.testng.TestNG.runSuitesSequentially(TestNG.java:1180)
at org.testng.TestNG.runSuitesLocally(TestNG.java:1102)
at org.testng.TestNG.runSuites(TestNG.java:1032)
at org.testng.TestNG.run(TestNG.java:1000)
at org.apache.maven.surefire.testng.TestNGExecutor.run(TestNGExecutor.java:283)
at org.apache.maven.surefire.testng.TestNGXmlTestSuite.execute(TestNGXmlTestSuite.java:75)
at org.apache.maven.surefire.testng.TestNGProvider.invoke(TestNGProvider.java:120)
at org.apache.maven.surefire.booter.ForkedBooter.invokeProviderInSameClassLoader(ForkedBooter.java:384)
at org.apache.maven.surefire.booter.ForkedBooter.runSuitesInProcess(ForkedBooter.java:345)
at org.apache.maven.surefire.booter.ForkedBooter.execute(ForkedBooter.java:126)
at org.apache.maven.surefire.booter.ForkedBooter.main(ForkedBooter.java:418)
]]>
    </failure>
  </testcase> <!-- closeAppliTools -->
</testsuite> <!-- ApplitoolsTests.DynamicContentVisualAITests -->
